[12-May-2021 16:34:55 Africa/Nairobi] PHP Fatal error:  Uncaught PDOException: SQLSTATE[HY000]: General error: 1366 Incorrect integer value: '' for column 'PstartPrice' at row 1 in /var/www/houserex.co.uk/includes/database.php:635
Stack trace:
#0 /var/www/houserex.co.uk/includes/database.php(635): PDOStatement->execute()
#1 /var/www/houserex.co.uk/assets/php/start_creating_listing.php(89): database->create_listing()
#2 {main}
  thrown in /var/www/houserex.co.uk/includes/database.php on line 635
[12-May-2021 16:38:07 Africa/Nairobi] PHP Fatal error:  Uncaught PDOException: SQLSTATE[HY000]: General error: 1366 Incorrect integer value: '' for column 'PstartPrice' at row 1 in /var/www/houserex.co.uk/includes/database.php:635
Stack trace:
#0 /var/www/houserex.co.uk/includes/database.php(635): PDOStatement->execute()
#1 /var/www/houserex.co.uk/assets/php/start_creating_listing.php(89): database->create_listing()
#2 {main}
  thrown in /var/www/houserex.co.uk/includes/database.php on line 635
[12-May-2021 16:44:11 Africa/Nairobi] PHP Fatal error:  Uncaught PDOException: SQLSTATE[22007]: Invalid datetime format: 1292 Incorrect date value: '' for column 'PletDate' at row 1 in /var/www/houserex.co.uk/includes/database.php:635
Stack trace:
#0 /var/www/houserex.co.uk/includes/database.php(635): PDOStatement->execute()
#1 /var/www/houserex.co.uk/assets/php/start_creating_listing.php(89): database->create_listing()
#2 {main}
  thrown in /var/www/houserex.co.uk/includes/database.php on line 635
[12-May-2021 16:47:32 Africa/Nairobi] PHP Fatal error:  Uncaught PDOException: SQLSTATE[01000]: Warning: 1265 Data truncated for column 'Psize' at row 1 in /var/www/houserex.co.uk/includes/database.php:635
Stack trace:
#0 /var/www/houserex.co.uk/includes/database.php(635): PDOStatement->execute()
#1 /var/www/houserex.co.uk/assets/php/start_creating_listing.php(89): database->create_listing()
#2 {main}
  thrown in /var/www/houserex.co.uk/includes/database.php on line 635
[12-May-2021 16:53:55 Africa/Nairobi] PHP Warning:  move_uploaded_file(Uploaded/Attachments/The House Rex Platform.pdf): failed to open stream: Permission denied in /var/www/houserex.co.uk/assets/php/upload_attachment_media.php on line 35
[12-May-2021 16:53:55 Africa/Nairobi] PHP Warning:  move_uploaded_file(): Unable to move '/tmp/phpVMffNY' to 'Uploaded/Attachments/The House Rex Platform.pdf' in /var/www/houserex.co.uk/assets/php/upload_attachment_media.php on line 35
[12-May-2021 16:54:23 Africa/Nairobi] PHP Warning:  move_uploaded_file(Uploaded/Attachments/The House Rex Platform.pdf): failed to open stream: Permission denied in /var/www/houserex.co.uk/assets/php/upload_attachment_media.php on line 35
[12-May-2021 16:54:23 Africa/Nairobi] PHP Warning:  move_uploaded_file(): Unable to move '/tmp/php37IUBf' to 'Uploaded/Attachments/The House Rex Platform.pdf' in /var/www/houserex.co.uk/assets/php/upload_attachment_media.php on line 35
[12-May-2021 16:54:55 Africa/Nairobi] PHP Notice:  Undefined index: PAttachment in /var/www/houserex.co.uk/assets/php/upload_attachment_media.php on line 6
[12-May-2021 16:54:55 Africa/Nairobi] PHP Notice:  Trying to access array offset on value of type null in /var/www/houserex.co.uk/assets/php/upload_attachment_media.php on line 6
[12-May-2021 16:54:55 Africa/Nairobi] PHP Warning:  count(): Parameter must be an array or an object that implements Countable in /var/www/houserex.co.uk/assets/php/upload_attachment_media.php on line 6
[12-May-2021 16:57:22 Africa/Nairobi] PHP Notice:  Trying to access array offset on value of type null in /var/www/houserex.co.uk/assets/php/fetch_all_properties.php on line 75
[12-May-2021 16:58:16 Africa/Nairobi] PHP Notice:  Trying to access array offset on value of type null in /var/www/houserex.co.uk/assets/php/fetch_all_properties.php on line 75
[12-May-2021 17:17:24 Africa/Nairobi] PHP Fatal error:  Uncaught PDOException: SQLSTATE[22001]: String data, right truncated: 1406 Data too long for column 'Pdetails' at row 1 in /var/www/houserex.co.uk/includes/database.php:635
Stack trace:
#0 /var/www/houserex.co.uk/includes/database.php(635): PDOStatement->execute()
#1 /var/www/houserex.co.uk/assets/php/start_creating_listing.php(89): database->create_listing()
#2 {main}
  thrown in /var/www/houserex.co.uk/includes/database.php on line 635
[12-May-2021 17:17:56 Africa/Nairobi] PHP Fatal error:  Uncaught PDOException: SQLSTATE[22001]: String data, right truncated: 1406 Data too long for column 'Pdetails' at row 1 in /var/www/houserex.co.uk/includes/database.php:635
Stack trace:
#0 /var/www/houserex.co.uk/includes/database.php(635): PDOStatement->execute()
#1 /var/www/houserex.co.uk/assets/php/start_creating_listing.php(89): database->create_listing()
#2 {main}
  thrown in /var/www/houserex.co.uk/includes/database.php on line 635
[12-May-2021 17:27:27 Africa/Nairobi] PHP Notice:  Trying to access array offset on value of type null in /var/www/houserex.co.uk/assets/php/fetch_user_properties.php on line 28
[12-May-2021 18:43:12 Africa/Nairobi] PHP Warning:  Invalid argument supplied for foreach() in /var/www/houserex.co.uk/assets/php/fetch_user_properties.php on line 20
[12-May-2021 18:43:24 Africa/Nairobi] PHP Warning:  Invalid argument supplied for foreach() in /var/www/houserex.co.uk/assets/php/fetch_user_properties.php on line 20
[12-May-2021 18:43:39 Africa/Nairobi] PHP Warning:  Invalid argument supplied for foreach() in /var/www/houserex.co.uk/assets/php/fetch_user_properties.php on line 20
[12-May-2021 18:46:59 Africa/Nairobi] PHP Warning:  Invalid argument supplied for foreach() in /var/www/houserex.co.uk/assets/php/fetch_user_properties.php on line 20
[12-May-2021 18:47:17 Africa/Nairobi] PHP Warning:  Invalid argument supplied for foreach() in /var/www/houserex.co.uk/assets/php/fetch_user_properties.php on line 20
[12-May-2021 18:47:39 Africa/Nairobi] PHP Warning:  Invalid argument supplied for foreach() in /var/www/houserex.co.uk/assets/php/fetch_user_properties.php on line 20
[12-May-2021 18:47:48 Africa/Nairobi] PHP Warning:  Invalid argument supplied for foreach() in /var/www/houserex.co.uk/assets/php/fetch_user_properties.php on line 20
[12-May-2021 18:47:56 Africa/Nairobi] PHP Warning:  Invalid argument supplied for foreach() in /var/www/houserex.co.uk/assets/php/fetch_user_properties.php on line 20
[12-May-2021 18:59:49 Africa/Nairobi] PHP Warning:  Invalid argument supplied for foreach() in /var/www/houserex.co.uk/assets/php/fetch_user_properties.php on line 20
[13-May-2021 13:01:10 Africa/Nairobi] PHP Notice:  Trying to access array offset on value of type null in /var/www/houserex.co.uk/assets/php/fetch_all_sale_properties.php on line 21
[13-May-2021 22:56:54 Africa/Nairobi] PHP Warning:  Invalid argument supplied for foreach() in /var/www/houserex.co.uk/assets/php/fetch_user_properties.php on line 20
[17-May-2021 08:33:24 Africa/Nairobi] PHP Notice:  Uninitialized string offset: 52 in /var/www/houserex.co.uk/includes/automation.php on line 24
[17-May-2021 09:20:06 Africa/Nairobi] PHP Fatal error:  Uncaught PDOException: SQLSTATE[23000]: Integrity constraint violation: 1048 Column 'UserId' cannot be null in /var/www/houserex.co.uk/includes/database.php:1159
Stack trace:
#0 /var/www/houserex.co.uk/includes/database.php(1159): PDOStatement->execute()
#1 /var/www/houserex.co.uk/assets/php/validate_social_media_user.php(28): database->insert_to_social_media_reg_table()
#2 {main}
  thrown in /var/www/houserex.co.uk/includes/database.php on line 1159
[17-May-2021 09:21:49 Africa/Nairobi] PHP Fatal error:  Uncaught PDOException: SQLSTATE[23000]: Integrity constraint violation: 1048 Column 'UserId' cannot be null in /var/www/houserex.co.uk/includes/database.php:1159
Stack trace:
#0 /var/www/houserex.co.uk/includes/database.php(1159): PDOStatement->execute()
#1 /var/www/houserex.co.uk/assets/php/validate_social_media_user.php(28): database->insert_to_social_media_reg_table()
#2 {main}
  thrown in /var/www/houserex.co.uk/includes/database.php on line 1159
[17-May-2021 09:31:50 Africa/Nairobi] PHP Notice:  Uninitialized string offset: 52 in /var/www/houserex.co.uk/includes/automation.php on line 24
[17-May-2021 14:06:04 Africa/Nairobi] PHP Fatal error:  Uncaught PDOException: SQLSTATE[42000]: Syntax error or access violation: 1064 You have an error in your SQL syntax; check the manual that corresponds to your MySQL server version for the right syntax to use near 'and PApproval='0'' at line 1 in /var/www/houserex.co.uk/includes/database.php:947
Stack trace:
#0 /var/www/houserex.co.uk/includes/database.php(947): PDO->query()
#1 /var/www/houserex.co.uk/admin/assets/php/fetch_unapproved_listings.php(8): database->get_all_unapproved_listings()
#2 {main}
  thrown in /var/www/houserex.co.uk/includes/database.php on line 947
[17-May-2021 14:06:44 Africa/Nairobi] PHP Fatal error:  Uncaught PDOException: SQLSTATE[42000]: Syntax error or access violation: 1064 You have an error in your SQL syntax; check the manual that corresponds to your MySQL server version for the right syntax to use near 'and PApproval='0'' at line 1 in /var/www/houserex.co.uk/includes/database.php:950
Stack trace:
#0 /var/www/houserex.co.uk/includes/database.php(950): PDO->query()
#1 /var/www/houserex.co.uk/admin/assets/php/fetch_unapproved_listings.php(8): database->get_all_unapproved_listings()
#2 {main}
  thrown in /var/www/houserex.co.uk/includes/database.php on line 950
